<?xml version="1.0" encoding="UTF-8"?>
<!-- Generated by org.testng.reporters.JUnitXMLReporter -->
<testsuite ignored="0" hostname="MyPC" failures="0" tests="6" name="Homepage Test" time="28.62" errors="0" timestamp="2022-12-01T10:53:04 IST">
  <testcase classname="Testpackage.HomePage" name="AboutUsTest" time="1.126"/>
  <testcase classname="Testpackage.HomePage" name="ContactUsTest" time="0.077"/>
  <testcase classname="Testpackage.HomePage" name="LogoTest" time="0.058"/>
  <testcase classname="Testpackage.HomePage" name="SearchbarTest" time="0.056"/>
  <testcase classname="Testpackage.HomePage" name="TitleTest" time="0.009"/>
  <testcase classname="Testpackage.HomePage" name="UsernameTest" time="0.065"/>
</testsuite> <!-- Homepage Test -->
