<?xml version="1.0" encoding="UTF-8"?>
<!-- Generated by org.testng.reporters.JUnitXMLReporter -->
<testsuite ignored="0" hostname="MyPC" failures="0" tests="8" name="Placing Order test" time="75.662" errors="0" timestamp="2022-12-01T10:54:20 IST">
  <testcase classname="Testpackage.ProductBuyFlow" name="AddToCart" time="8.301"/>
  <testcase classname="Testpackage.ProductBuyFlow" name="ItemIncrease" time="2.261"/>
  <testcase classname="Testpackage.ProductBuyFlow" name="ItemDecrease" time="6.181"/>
  <testcase classname="Testpackage.ProductBuyFlow" name="RemoveProduct" time="9.495"/>
  <testcase classname="Testpackage.ProductBuyFlow" name="CartCheckout" time="25.294"/>
  <testcase classname="Testpackage.ProductBuyFlow" name="ShippingDetails" time="3.657"/>
  <testcase classname="Testpackage.ProductBuyFlow" name="PaymentMode" time="6.197"/>
  <testcase classname="Testpackage.ProductBuyFlow" name="OrderConfirm" time="1.93"/>
</testsuite> <!-- Placing Order test -->
