<?xml version="1.0" encoding="UTF-8"?>
<!-- Generated by org.testng.reporters.JUnitXMLReporter -->
<testsuite ignored="0" hostname="MyPC" failures="0" tests="5" name="Registration And Login Test" time="101.028" errors="0" timestamp="2022-12-01T10:52:36 IST">
  <testcase classname="Testpackage.LoginAndLogout" name="forgotpasswordinvalid" time="6.774"/>
  <testcase classname="Testpackage.LoginAndLogout" name="forgotpasswordvalid" time="6.654"/>
  <testcase classname="Testpackage.LoginAndLogout" name="logininvalid" time="5.052"/>
  <testcase classname="Testpackage.LoginAndLogout" name="loginvalid" time="5.369"/>
  <testcase classname="Testpackage.LoginAndLogout" name="logouttest" time="7.59"/>
</testsuite> <!-- Registration And Login Test -->
